# JRE version: OpenJDK Runtime Environment (8.0_242-b01) (build 1.8.0_242-release-1644-b01)
# Java VM: OpenJDK 64-Bit Server VM (25.242-b01 mixed mode windows-amd64 compressed oops)
Heap:
 PSYoungGen      total 488960K, used 381842K [0x00000000d5580000, 0x00000000fa880000, 0x0000000100000000)
  eden space 435200K, 75% used [0x00000000d5580000,0x00000000e95e8e28,0x00000000efe80000)
  from space 53760K, 99% used [0x00000000f4900000,0x00000000f7d7bc00,0x00000000f7d80000)
  to   space 76288K, 0% used [0x00000000efe80000,0x00000000efe80000,0x00000000f4900000)
 ParOldGen       total 617984K, used 337342K [0x0000000080000000, 0x00000000a5b80000, 0x00000000d5580000)
  object space 617984K, 54% used [0x0000000080000000,0x000000009496f9f8,0x00000000a5b80000)
 Metaspace       used 93611K, capacity 98353K, committed 98584K, reserved 1134592K
  class space    used 12359K, capacity 13278K, committed 13352K, reserved 1048576K
GC Heap History (10 events):
Event: 16.745 GC heap before
{Heap before GC invocations=19 (full 5):
 PSYoungGen      total 406016K, used 26689K [0x00000000d5580000, 0x00000000f2c80000, 0x0000000100000000)
  eden space 345600K, 0% used [0x00000000d5580000,0x00000000d5580000,0x00000000ea700000)
  from space 60416K, 44% used [0x00000000ee000000,0x00000000efa104d0,0x00000000f1b00000)
  to   space 58368K, 0% used [0x00000000ea700000,0x00000000ea700000,0x00000000ee000000)
 ParOldGen       total 658944K, used 591971K [0x0000000080000000, 0x00000000a8380000, 0x00000000d5580000)
  object space 658944K, 89% used [0x0000000080000000,0x00000000a4218f58,0x00000000a8380000)
 Metaspace       used 68795K, capacity 71703K, committed 72088K, reserved 1112064K
  class space    used 9269K, capacity 9842K, committed 9896K, reserved 1048576K
Event: 16.943 GC heap after
Heap after GC invocations=19 (full 5):
 PSYoungGen      total 406016K, used 0K [0x00000000d5580000, 0x00000000f2c80000, 0x0000000100000000)
  eden space 345600K, 0% used [0x00000000d5580000,0x00000000d5580000,0x00000000ea700000)
  from space 60416K, 0% used [0x00000000ee000000,0x00000000ee000000,0x00000000f1b00000)
  to   space 58368K, 0% used [0x00000000ea700000,0x00000000ea700000,0x00000000ee000000)
 ParOldGen       total 617984K, used 300167K [0x0000000080000000, 0x00000000a5b80000, 0x00000000d5580000)
  object space 617984K, 48% used [0x0000000080000000,0x0000000092521f98,0x00000000a5b80000)
 Metaspace       used 68795K, capacity 71703K, committed 72088K, reserved 1112064K
  class space    used 9269K, capacity 9842K, committed 9896K, reserved 1048576K
}
Event: 18.269 GC heap before
{Heap before GC invocations=20 (full 5):
 PSYoungGen      total 406016K, used 345600K [0x00000000d5580000, 0x00000000f2c80000, 0x0000000100000000)
  eden space 345600K, 100% used [0x00000000d5580000,0x00000000ea700000,0x00000000ea700000)
  from space 60416K, 0% used [0x00000000ee000000,0x00000000ee000000,0x00000000f1b00000)
  to   space 58368K, 0% used [0x00000000ea700000,0x00000000ea700000,0x00000000ee000000)
 ParOldGen       total 617984K, used 300368K [0x0000000080000000, 0x00000000a5b80000, 0x00000000d5580000)
  object space 617984K, 48% used [0x0000000080000000,0x0000000092554128,0x00000000a5b80000)
 Metaspace       used 68814K, capacity 71767K, committed 72088K, reserved 1112064K
  class space    used 9270K, capacity 9842K, committed 9896K, reserved 1048576K
Event: 18.274 GC heap after
Heap after GC invocations=20 (full 5):
 PSYoungGen      total 403968K, used 2216K [0x00000000d5580000, 0x00000000f6400000, 0x0000000100000000)
  eden space 345600K, 0% used [0x00000000d5580000,0x00000000d5580000,0x00000000ea700000)
  from space 58368K, 3% used [0x00000000ea700000,0x00000000ea92a0c0,0x00000000ee000000)
  to   space 58368K, 0% used [0x00000000f2b00000,0x00000000f2b00000,0x00000000f6400000)
 ParOldGen       total 617984K, used 300368K [0x0000000080000000, 0x00000000a5b80000, 0x00000000d5580000)
  object space 617984K, 48% used [0x0000000080000000,0x0000000092554128,0x00000000a5b80000)
 Metaspace       used 68814K, capacity 71767K, committed 72088K, reserved 1112064K
  class space    used 9270K, capacity 9842K, committed 9896K, reserved 1048576K
}
Event: 21.933 GC heap before
{Heap before GC invocations=21 (full 5):
 PSYoungGen      total 403968K, used 347816K [0x00000000d5580000, 0x00000000f6400000, 0x0000000100000000)
  eden space 345600K, 100% used [0x00000000d5580000,0x00000000ea700000,0x00000000ea700000)
  from space 58368K, 3% used [0x00000000ea700000,0x00000000ea92a0c0,0x00000000ee000000)
  to   space 58368K, 0% used [0x00000000f2b00000,0x00000000f2b00000,0x00000000f6400000)
 ParOldGen       total 617984K, used 300368K [0x0000000080000000, 0x00000000a5b80000, 0x00000000d5580000)
  object space 617984K, 48% used [0x0000000080000000,0x0000000092554128,0x00000000a5b80000)
 Metaspace       used 72971K, capacity 76113K, committed 76440K, reserved 1116160K
  class space    used 9769K, capacity 10403K, committed 10408K, reserved 1048576K
Event: 21.949 GC heap after
Heap after GC invocations=21 (full 5):
 PSYoungGen      total 454144K, used 10981K [0x00000000d5580000, 0x00000000f5500000, 0x0000000100000000)
  eden space 411136K, 0% used [0x00000000d5580000,0x00000000d5580000,0x00000000ee700000)
  from space 43008K, 25% used [0x00000000f2b00000,0x00000000f35b9458,0x00000000f5500000)
  to   space 56320K, 0% used [0x00000000ee700000,0x00000000ee700000,0x00000000f1e00000)
 ParOldGen       total 617984K, used 300376K [0x0000000080000000, 0x00000000a5b80000, 0x00000000d5580000)
  object space 617984K, 48% used [0x0000000080000000,0x0000000092556128,0x00000000a5b80000)
 Metaspace       used 72971K, capacity 76113K, committed 76440K, reserved 1116160K
  class space    used 9769K, capacity 10403K, committed 10408K, reserved 1048576K
}
Event: 25.444 GC heap before
{Heap before GC invocations=22 (full 5):
 PSYoungGen      total 454144K, used 422117K [0x00000000d5580000, 0x00000000f5500000, 0x0000000100000000)
  eden space 411136K, 100% used [0x00000000d5580000,0x00000000ee700000,0x00000000ee700000)
  from space 43008K, 25% used [0x00000000f2b00000,0x00000000f35b9458,0x00000000f5500000)
  to   space 56320K, 0% used [0x00000000ee700000,0x00000000ee700000,0x00000000f1e00000)
 ParOldGen       total 617984K, used 300376K [0x0000000080000000, 0x00000000a5b80000, 0x00000000d5580000)
  object space 617984K, 48% used [0x0000000080000000,0x0000000092556128,0x00000000a5b80000)
 Metaspace       used 75168K, capacity 78625K, committed 78872K, reserved 1118208K
  class space    used 10040K, capacity 10679K, committed 10792K, reserved 1048576K
Event: 25.473 GC heap after
Heap after GC invocations=22 (full 5):
 PSYoungGen      total 467456K, used 22849K [0x00000000d5580000, 0x00000000f7d80000, 0x0000000100000000)
  eden space 411136K, 0% used [0x00000000d5580000,0x00000000d5580000,0x00000000ee700000)
  from space 56320K, 40% used [0x00000000ee700000,0x00000000efd50798,0x00000000f1e00000)
  to   space 53760K, 0% used [0x00000000f4900000,0x00000000f4900000,0x00000000f7d80000)
 ParOldGen       total 617984K, used 300384K [0x0000000080000000, 0x00000000a5b80000, 0x00000000d5580000)
  object space 617984K, 48% used [0x0000000080000000,0x0000000092558128,0x00000000a5b80000)
 Metaspace       used 75168K, capacity 78625K, committed 78872K, reserved 1118208K
  class space    used 10040K, capacity 10679K, committed 10792K, reserved 1048576K
}
Event: 31.702 GC heap before
{Heap before GC invocations=23 (full 5):
 PSYoungGen      total 467456K, used 433985K [0x00000000d5580000, 0x00000000f7d80000, 0x0000000100000000)
  eden space 411136K, 100% used [0x00000000d5580000,0x00000000ee700000,0x00000000ee700000)
  from space 56320K, 40% used [0x00000000ee700000,0x00000000efd50798,0x00000000f1e00000)
  to   space 53760K, 0% used [0x00000000f4900000,0x00000000f4900000,0x00000000f7d80000)
 ParOldGen       total 617984K, used 300384K [0x0000000080000000, 0x00000000a5b80000, 0x00000000d5580000)
  object space 617984K, 48% used [0x0000000080000000,0x0000000092558128,0x00000000a5b80000)
 Metaspace       used 86751K, capacity 90729K, committed 90776K, reserved 1128448K
  class space    used 11383K, capacity 12176K, committed 12200K, reserved 1048576K
Event: 31.803 GC heap after
Heap after GC invocations=23 (full 5):
 PSYoungGen      total 488960K, used 53743K [0x00000000d5580000, 0x00000000fa880000, 0x0000000100000000)
  eden space 435200K, 0% used [0x00000000d5580000,0x00000000d5580000,0x00000000efe80000)
  from space 53760K, 99% used [0x00000000f4900000,0x00000000f7d7bc00,0x00000000f7d80000)
  to   space 76288K, 0% used [0x00000000efe80000,0x00000000efe80000,0x00000000f4900000)
 ParOldGen       total 617984K, used 337342K [0x0000000080000000, 0x00000000a5b80000, 0x00000000d5580000)
  object space 617984K, 54% used [0x0000000080000000,0x000000009496f9f8,0x00000000a5b80000)
 Metaspace       used 86751K, capacity 90729K, committed 90776K, reserved 1128448K
  class space    used 11383K, capacity 12176K, committed 12200K, reserved 1048576K
}

