# JRE version: OpenJDK Runtime Environment (8.0_242-b01) (build 1.8.0_242-release-1644-b01)
# Java VM: OpenJDK 64-Bit Server VM (25.242-b01 mixed mode windows-amd64 compressed oops)
Heap:
 PSYoungGen      total 571392K, used 84243K [0x00000000d5580000, 0x0000000100000000, 0x0000000100000000)
  eden space 443904K, 7% used [0x00000000d5580000,0x00000000d78219a0,0x00000000f0700000)
  from space 127488K, 38% used [0x00000000f0700000,0x00000000f36a3368,0x00000000f8380000)
  to   space 120832K, 0% used [0x00000000f8a00000,0x00000000f8a00000,0x0000000100000000)
 ParOldGen       total 486400K, used 259904K [0x0000000080000000, 0x000000009db00000, 0x00000000d5580000)
  object space 486400K, 53% used [0x0000000080000000,0x000000008fdd00a0,0x000000009db00000)
 Metaspace       used 104426K, capacity 112298K, committed 112536K, reserved 1146880K
  class space    used 13250K, capacity 14500K, committed 14504K, reserved 1048576K
GC Heap History (10 events):
Event: 2275.463 GC heap before
{Heap before GC invocations=30 (full 5):
 PSYoungGen      total 655872K, used 615424K [0x00000000d5580000, 0x0000000100000000, 0x0000000100000000)
  eden space 615424K, 100% used [0x00000000d5580000,0x00000000fae80000,0x00000000fae80000)
  from space 40448K, 0% used [0x00000000fae80000,0x00000000fae80000,0x00000000fd600000)
  to   space 43008K, 0% used [0x00000000fd600000,0x00000000fd600000,0x0000000100000000)
 ParOldGen       total 388608K, used 245565K [0x0000000080000000, 0x0000000097b80000, 0x00000000d5580000)
  object space 388608K, 63% used [0x0000000080000000,0x000000008efcf4f8,0x0000000097b80000)
 Metaspace       used 102897K, capacity 110612K, committed 111256K, reserved 1146880K
  class space    used 13085K, capacity 14341K, committed 14504K, reserved 1048576K
Event: 2275.468 GC heap after
Heap after GC invocations=30 (full 5):
 PSYoungGen      total 642560K, used 905K [0x00000000d5580000, 0x0000000100000000, 0x0000000100000000)
  eden space 599552K, 0% used [0x00000000d5580000,0x00000000d5580000,0x00000000f9f00000)
  from space 43008K, 2% used [0x00000000fd600000,0x00000000fd6e2790,0x0000000100000000)
  to   space 49664K, 0% used [0x00000000f9f00000,0x00000000f9f00000,0x00000000fcf80000)
 ParOldGen       total 388608K, used 245573K [0x0000000080000000, 0x0000000097b80000, 0x00000000d5580000)
  object space 388608K, 63% used [0x0000000080000000,0x000000008efd14f8,0x0000000097b80000)
 Metaspace       used 102897K, capacity 110612K, committed 111256K, reserved 1146880K
  class space    used 13085K, capacity 14341K, committed 14504K, reserved 1048576K
}
Event: 2279.354 GC heap before
{Heap before GC invocations=31 (full 5):
 PSYoungGen      total 642560K, used 600457K [0x00000000d5580000, 0x0000000100000000, 0x0000000100000000)
  eden space 599552K, 100% used [0x00000000d5580000,0x00000000f9f00000,0x00000000f9f00000)
  from space 43008K, 2% used [0x00000000fd600000,0x00000000fd6e2790,0x0000000100000000)
  to   space 49664K, 0% used [0x00000000f9f00000,0x00000000f9f00000,0x00000000fcf80000)
 ParOldGen       total 388608K, used 245573K [0x0000000080000000, 0x0000000097b80000, 0x00000000d5580000)
  object space 388608K, 63% used [0x0000000080000000,0x000000008efd14f8,0x0000000097b80000)
 Metaspace       used 103912K, capacity 111752K, committed 112024K, reserved 1146880K
  class space    used 13197K, capacity 14437K, committed 14504K, reserved 1048576K
Event: 2279.439 GC heap after
Heap after GC invocations=31 (full 5):
 PSYoungGen      total 649216K, used 49661K [0x00000000d5580000, 0x0000000100000000, 0x0000000100000000)
  eden space 599552K, 0% used [0x00000000d5580000,0x00000000d5580000,0x00000000f9f00000)
  from space 49664K, 99% used [0x00000000f9f00000,0x00000000fcf7f688,0x00000000fcf80000)
  to   space 49664K, 0% used [0x00000000fcf80000,0x00000000fcf80000,0x0000000100000000)
 ParOldGen       total 388608K, used 306375K [0x0000000080000000, 0x0000000097b80000, 0x00000000d5580000)
  object space 388608K, 78% used [0x0000000080000000,0x0000000092b31c28,0x0000000097b80000)
 Metaspace       used 103912K, capacity 111752K, committed 112024K, reserved 1146880K
  class space    used 13197K, capacity 14437K, committed 14504K, reserved 1048576K
}
Event: 2281.600 GC heap before
{Heap before GC invocations=32 (full 5):
 PSYoungGen      total 649216K, used 649213K [0x00000000d5580000, 0x0000000100000000, 0x0000000100000000)
  eden space 599552K, 100% used [0x00000000d5580000,0x00000000f9f00000,0x00000000f9f00000)
  from space 49664K, 99% used [0x00000000f9f00000,0x00000000fcf7f688,0x00000000fcf80000)
  to   space 49664K, 0% used [0x00000000fcf80000,0x00000000fcf80000,0x0000000100000000)
 ParOldGen       total 388608K, used 306375K [0x0000000080000000, 0x0000000097b80000, 0x00000000d5580000)
  object space 388608K, 78% used [0x0000000080000000,0x0000000092b31c28,0x0000000097b80000)
 Metaspace       used 104339K, capacity 112234K, committed 112280K, reserved 1146880K
  class space    used 13249K, capacity 14500K, committed 14504K, reserved 1048576K
Event: 2282.085 GC heap after
Heap after GC invocations=32 (full 5):
 PSYoungGen      total 493568K, used 49647K [0x00000000d5580000, 0x0000000100000000, 0x0000000100000000)
  eden space 443904K, 0% used [0x00000000d5580000,0x00000000d5580000,0x00000000f0700000)
  from space 49664K, 99% used [0x00000000fcf80000,0x00000000ffffbea8,0x0000000100000000)
  to   space 127488K, 0% used [0x00000000f0700000,0x00000000f0700000,0x00000000f8380000)
 ParOldGen       total 427520K, used 427495K [0x0000000080000000, 0x000000009a180000, 0x00000000d5580000)
  object space 427520K, 99% used [0x0000000080000000,0x000000009a179ed0,0x000000009a180000)
 Metaspace       used 104339K, capacity 112234K, committed 112280K, reserved 1146880K
  class space    used 13249K, capacity 14500K, committed 14504K, reserved 1048576K
}
Event: 2282.085 GC heap before
{Heap before GC invocations=33 (full 6):
 PSYoungGen      total 493568K, used 49647K [0x00000000d5580000, 0x0000000100000000, 0x0000000100000000)
  eden space 443904K, 0% used [0x00000000d5580000,0x00000000d5580000,0x00000000f0700000)
  from space 49664K, 99% used [0x00000000fcf80000,0x00000000ffffbea8,0x0000000100000000)
  to   space 127488K, 0% used [0x00000000f0700000,0x00000000f0700000,0x00000000f8380000)
 ParOldGen       total 427520K, used 427495K [0x0000000080000000, 0x000000009a180000, 0x00000000d5580000)
  object space 427520K, 99% used [0x0000000080000000,0x000000009a179ed0,0x000000009a180000)
 Metaspace       used 104339K, capacity 112234K, committed 112280K, reserved 1146880K
  class space    used 13249K, capacity 14500K, committed 14504K, reserved 1048576K
Event: 2284.164 GC heap after
Heap after GC invocations=33 (full 6):
 PSYoungGen      total 493568K, used 0K [0x00000000d5580000, 0x0000000100000000, 0x0000000100000000)
  eden space 443904K, 0% used [0x00000000d5580000,0x00000000d5580000,0x00000000f0700000)
  from space 49664K, 0% used [0x00000000fcf80000,0x00000000fcf80000,0x0000000100000000)
  to   space 127488K, 0% used [0x00000000f0700000,0x00000000f0700000,0x00000000f8380000)
 ParOldGen       total 486400K, used 259896K [0x0000000080000000, 0x000000009db00000, 0x00000000d5580000)
  object space 486400K, 53% used [0x0000000080000000,0x000000008fdce0a0,0x000000009db00000)
 Metaspace       used 104339K, capacity 112234K, committed 112280K, reserved 1146880K
  class space    used 13249K, capacity 14500K, committed 14504K, reserved 1048576K
}
Event: 2285.838 GC heap before
{Heap before GC invocations=34 (full 6):
 PSYoungGen      total 493568K, used 443904K [0x00000000d5580000, 0x0000000100000000, 0x0000000100000000)
  eden space 443904K, 100% used [0x00000000d5580000,0x00000000f0700000,0x00000000f0700000)
  from space 49664K, 0% used [0x00000000fcf80000,0x00000000fcf80000,0x0000000100000000)
  to   space 127488K, 0% used [0x00000000f0700000,0x00000000f0700000,0x00000000f8380000)
 ParOldGen       total 486400K, used 259896K [0x0000000080000000, 0x000000009db00000, 0x00000000d5580000)
  object space 486400K, 53% used [0x0000000080000000,0x000000008fdce0a0,0x000000009db00000)
 Metaspace       used 104409K, capacity 112298K, committed 112536K, reserved 1146880K
  class space    used 13249K, capacity 14500K, committed 14504K, reserved 1048576K
Event: 2285.887 GC heap after
Heap after GC invocations=34 (full 6):
 PSYoungGen      total 571392K, used 48780K [0x00000000d5580000, 0x0000000100000000, 0x0000000100000000)
  eden space 443904K, 0% used [0x00000000d5580000,0x00000000d5580000,0x00000000f0700000)
  from space 127488K, 38% used [0x00000000f0700000,0x00000000f36a3368,0x00000000f8380000)
  to   space 120832K, 0% used [0x00000000f8a00000,0x00000000f8a00000,0x0000000100000000)
 ParOldGen       total 486400K, used 259904K [0x0000000080000000, 0x000000009db00000, 0x00000000d5580000)
  object space 486400K, 53% used [0x0000000080000000,0x000000008fdd00a0,0x000000009db00000)
 Metaspace       used 104409K, capacity 112298K, committed 112536K, reserved 1146880K
  class space    used 13249K, capacity 14500K, committed 14504K, reserved 1048576K
}

