# JRE version: OpenJDK Runtime Environment (8.0_242-b01) (build 1.8.0_242-release-1644-b01)
# Java VM: OpenJDK 64-Bit Server VM (25.242-b01 mixed mode windows-amd64 compressed oops)
Heap:
 PSYoungGen      total 418304K, used 372579K [0x00000000d5580000, 0x0000000100000000, 0x0000000100000000)
  eden space 290304K, 84% used [0x00000000d5580000,0x00000000e445f618,0x00000000e7100000)
  from space 128000K, 99% used [0x00000000f8300000,0x00000000ffff99d8,0x0000000100000000)
  to   space 204288K, 0% used [0x00000000e7100000,0x00000000e7100000,0x00000000f3880000)
 ParOldGen       total 535040K, used 203767K [0x0000000080000000, 0x00000000a0a80000, 0x00000000d5580000)
  object space 535040K, 38% used [0x0000000080000000,0x000000008c6fdf20,0x00000000a0a80000)
 Metaspace       used 101459K, capacity 106940K, committed 107288K, reserved 1142784K
  class space    used 12974K, capacity 14021K, committed 14128K, reserved 1048576K
GC Heap History (10 events):
Event: 53.189 GC heap before
{Heap before GC invocations=25 (full 7):
 PSYoungGen      total 556544K, used 414208K [0x00000000d5580000, 0x0000000100000000, 0x0000000100000000)
  eden space 414208K, 100% used [0x00000000d5580000,0x00000000eea00000,0x00000000eea00000)
  from space 142336K, 0% used [0x00000000eea00000,0x00000000eea00000,0x00000000f7500000)
  to   space 134656K, 0% used [0x00000000f7c80000,0x00000000f7c80000,0x0000000100000000)
 ParOldGen       total 535040K, used 88466K [0x0000000080000000, 0x00000000a0a80000, 0x00000000d5580000)
  object space 535040K, 16% used [0x0000000080000000,0x00000000856648b8,0x00000000a0a80000)
 Metaspace       used 99024K, capacity 104040K, committed 104344K, reserved 1140736K
  class space    used 12736K, capacity 13679K, committed 13744K, reserved 1048576K
Event: 53.222 GC heap after
Heap after GC invocations=25 (full 7):
 PSYoungGen      total 536576K, used 32146K [0x00000000d5580000, 0x00000000fec80000, 0x0000000100000000)
  eden space 421888K, 0% used [0x00000000d5580000,0x00000000d5580000,0x00000000ef180000)
  from space 114688K, 28% used [0x00000000f7c80000,0x00000000f9be4b78,0x00000000fec80000)
  to   space 128512K, 0% used [0x00000000ef180000,0x00000000ef180000,0x00000000f6f00000)
 ParOldGen       total 535040K, used 88474K [0x0000000080000000, 0x00000000a0a80000, 0x00000000d5580000)
  object space 535040K, 16% used [0x0000000080000000,0x00000000856668b8,0x00000000a0a80000)
 Metaspace       used 99024K, capacity 104040K, committed 104344K, reserved 1140736K
  class space    used 12736K, capacity 13679K, committed 13744K, reserved 1048576K
}
Event: 77.720 GC heap before
{Heap before GC invocations=26 (full 7):
 PSYoungGen      total 536576K, used 454034K [0x00000000d5580000, 0x00000000fec80000, 0x0000000100000000)
  eden space 421888K, 100% used [0x00000000d5580000,0x00000000ef180000,0x00000000ef180000)
  from space 114688K, 28% used [0x00000000f7c80000,0x00000000f9be4b78,0x00000000fec80000)
  to   space 128512K, 0% used [0x00000000ef180000,0x00000000ef180000,0x00000000f6f00000)
 ParOldGen       total 535040K, used 88474K [0x0000000080000000, 0x00000000a0a80000, 0x00000000d5580000)
  object space 535040K, 16% used [0x0000000080000000,0x00000000856668b8,0x00000000a0a80000)
 Metaspace       used 100870K, capacity 106138K, committed 106392K, reserved 1142784K
  class space    used 12938K, capacity 13950K, committed 14000K, reserved 1048576K
Event: 77.751 GC heap after
Heap after GC invocations=26 (full 7):
 PSYoungGen      total 550400K, used 45408K [0x00000000d5580000, 0x00000000ffd80000, 0x0000000100000000)
  eden space 421888K, 0% used [0x00000000d5580000,0x00000000d5580000,0x00000000ef180000)
  from space 128512K, 35% used [0x00000000ef180000,0x00000000f1dd8388,0x00000000f6f00000)
  to   space 120320K, 0% used [0x00000000f8800000,0x00000000f8800000,0x00000000ffd80000)
 ParOldGen       total 535040K, used 88482K [0x0000000080000000, 0x00000000a0a80000, 0x00000000d5580000)
  object space 535040K, 16% used [0x0000000080000000,0x00000000856688b8,0x00000000a0a80000)
 Metaspace       used 100870K, capacity 106138K, committed 106392K, reserved 1142784K
  class space    used 12938K, capacity 13950K, committed 14000K, reserved 1048576K
}
Event: 81.367 GC heap before
{Heap before GC invocations=27 (full 7):
 PSYoungGen      total 550400K, used 467296K [0x00000000d5580000, 0x00000000ffd80000, 0x0000000100000000)
  eden space 421888K, 100% used [0x00000000d5580000,0x00000000ef180000,0x00000000ef180000)
  from space 128512K, 35% used [0x00000000ef180000,0x00000000f1dd8388,0x00000000f6f00000)
  to   space 120320K, 0% used [0x00000000f8800000,0x00000000f8800000,0x00000000ffd80000)
 ParOldGen       total 535040K, used 88482K [0x0000000080000000, 0x00000000a0a80000, 0x00000000d5580000)
  object space 535040K, 16% used [0x0000000080000000,0x00000000856688b8,0x00000000a0a80000)
 Metaspace       used 101194K, capacity 106550K, committed 106648K, reserved 1142784K
  class space    used 12958K, capacity 13964K, committed 14000K, reserved 1048576K
Event: 81.455 GC heap after
Heap after GC invocations=27 (full 7):
 PSYoungGen      total 563200K, used 86045K [0x00000000d5580000, 0x0000000100000000, 0x0000000100000000)
  eden space 442880K, 0% used [0x00000000d5580000,0x00000000d5580000,0x00000000f0600000)
  from space 120320K, 71% used [0x00000000f8800000,0x00000000fdc07430,0x00000000ffd80000)
  to   space 128000K, 0% used [0x00000000f0600000,0x00000000f0600000,0x00000000f8300000)
 ParOldGen       total 535040K, used 88490K [0x0000000080000000, 0x00000000a0a80000, 0x00000000d5580000)
  object space 535040K, 16% used [0x0000000080000000,0x000000008566a8b8,0x00000000a0a80000)
 Metaspace       used 101194K, capacity 106550K, committed 106648K, reserved 1142784K
  class space    used 12958K, capacity 13964K, committed 14000K, reserved 1048576K
}
Event: 83.452 GC heap before
{Heap before GC invocations=28 (full 7):
 PSYoungGen      total 563200K, used 528595K [0x00000000d5580000, 0x0000000100000000, 0x0000000100000000)
  eden space 442880K, 99% used [0x00000000d5580000,0x00000000f05ad840,0x00000000f0600000)
  from space 120320K, 71% used [0x00000000f8800000,0x00000000fdc07430,0x00000000ffd80000)
  to   space 128000K, 0% used [0x00000000f0600000,0x00000000f0600000,0x00000000f8300000)
 ParOldGen       total 535040K, used 88490K [0x0000000080000000, 0x00000000a0a80000, 0x00000000d5580000)
  object space 535040K, 16% used [0x0000000080000000,0x000000008566a8b8,0x00000000a0a80000)
 Metaspace       used 101253K, capacity 106602K, committed 106648K, reserved 1142784K
  class space    used 12970K, capacity 13984K, committed 14000K, reserved 1048576K
Event: 83.675 GC heap after
Heap after GC invocations=28 (full 7):
 PSYoungGen      total 570880K, used 127999K [0x00000000d5580000, 0x0000000100000000, 0x0000000100000000)
  eden space 442880K, 0% used [0x00000000d5580000,0x00000000d5580000,0x00000000f0600000)
  from space 128000K, 99% used [0x00000000f0600000,0x00000000f82fff00,0x00000000f8300000)
  to   space 128000K, 0% used [0x00000000f8300000,0x00000000f8300000,0x0000000100000000)
 ParOldGen       total 535040K, used 156502K [0x0000000080000000, 0x00000000a0a80000, 0x00000000d5580000)
  object space 535040K, 29% used [0x0000000080000000,0x00000000898d5930,0x00000000a0a80000)
 Metaspace       used 101253K, capacity 106602K, committed 106648K, reserved 1142784K
  class space    used 12970K, capacity 13984K, committed 14000K, reserved 1048576K
}
Event: 85.310 GC heap before
{Heap before GC invocations=29 (full 7):
 PSYoungGen      total 570880K, used 570879K [0x00000000d5580000, 0x0000000100000000, 0x0000000100000000)
  eden space 442880K, 100% used [0x00000000d5580000,0x00000000f0600000,0x00000000f0600000)
  from space 128000K, 99% used [0x00000000f0600000,0x00000000f82fff00,0x00000000f8300000)
  to   space 128000K, 0% used [0x00000000f8300000,0x00000000f8300000,0x0000000100000000)
 ParOldGen       total 535040K, used 156502K [0x0000000080000000, 0x00000000a0a80000, 0x00000000d5580000)
  object space 535040K, 29% used [0x0000000080000000,0x00000000898d5930,0x00000000a0a80000)
 Metaspace       used 101346K, capacity 106746K, committed 106904K, reserved 1142784K
  class space    used 12970K, capacity 13984K, committed 14000K, reserved 1048576K
Event: 85.754 GC heap after
Heap after GC invocations=29 (full 7):
 PSYoungGen      total 418304K, used 127974K [0x00000000d5580000, 0x0000000100000000, 0x0000000100000000)
  eden space 290304K, 0% used [0x00000000d5580000,0x00000000d5580000,0x00000000e7100000)
  from space 128000K, 99% used [0x00000000f8300000,0x00000000ffff99d8,0x0000000100000000)
  to   space 204288K, 0% used [0x00000000e7100000,0x00000000e7100000,0x00000000f3880000)
 ParOldGen       total 535040K, used 203767K [0x0000000080000000, 0x00000000a0a80000, 0x00000000d5580000)
  object space 535040K, 38% used [0x0000000080000000,0x000000008c6fdf20,0x00000000a0a80000)
 Metaspace       used 101346K, capacity 106746K, committed 106904K, reserved 1142784K
  class space    used 12970K, capacity 13984K, committed 14000K, reserved 1048576K
}

