# JRE version: OpenJDK Runtime Environment (8.0_242-b01) (build 1.8.0_242-release-1644-b01)
# Java VM: OpenJDK 64-Bit Server VM (25.242-b01 mixed mode windows-amd64 compressed oops)
Heap:
 PSYoungGen      total 448000K, used 264734K [0x00000000d5580000, 0x00000000ff680000, 0x0000000100000000)
  eden space 418816K, 63% used [0x00000000d5580000,0x00000000e5807930,0x00000000eee80000)
  from space 29184K, 0% used [0x00000000eee80000,0x00000000eee80000,0x00000000f0b00000)
  to   space 59392K, 0% used [0x00000000fbc80000,0x00000000fbc80000,0x00000000ff680000)
 ParOldGen       total 521216K, used 280061K [0x0000000080000000, 0x000000009fd00000, 0x00000000d5580000)
  object space 521216K, 53% used [0x0000000080000000,0x000000009117f538,0x000000009fd00000)
 Metaspace       used 72878K, capacity 76002K, committed 76312K, reserved 1116160K
  class space    used 9588K, capacity 10199K, committed 10288K, reserved 1048576K
GC Heap History (10 events):
Event: 20.290 GC heap before
{Heap before GC invocations=14 (full 3):
 PSYoungGen      total 433152K, used 432551K [0x00000000d5580000, 0x00000000f2780000, 0x0000000100000000)
  eden space 407552K, 99% used [0x00000000d5580000,0x00000000ee35d370,0x00000000ee380000)
  from space 25600K, 98% used [0x00000000f0e80000,0x00000000f270cb28,0x00000000f2780000)
  to   space 29184K, 0% used [0x00000000eee80000,0x00000000eee80000,0x00000000f0b00000)
 ParOldGen       total 139264K, used 39436K [0x0000000080000000, 0x0000000088800000, 0x00000000d5580000)
  object space 139264K, 28% used [0x0000000080000000,0x0000000082683080,0x0000000088800000)
 Metaspace       used 72487K, capacity 75664K, committed 75800K, reserved 1114112K
  class space    used 9559K, capacity 10198K, committed 10288K, reserved 1048576K
Event: 20.364 GC heap after
Heap after GC invocations=14 (full 3):
 PSYoungGen      total 448000K, used 29172K [0x00000000d5580000, 0x00000000f9f80000, 0x0000000100000000)
  eden space 418816K, 0% used [0x00000000d5580000,0x00000000d5580000,0x00000000eee80000)
  from space 29184K, 99% used [0x00000000eee80000,0x00000000f0afd3e0,0x00000000f0b00000)
  to   space 56320K, 0% used [0x00000000f6880000,0x00000000f6880000,0x00000000f9f80000)
 ParOldGen       total 139264K, used 100848K [0x0000000080000000, 0x0000000088800000, 0x00000000d5580000)
  object space 139264K, 72% used [0x0000000080000000,0x000000008627c3a0,0x0000000088800000)
 Metaspace       used 72487K, capacity 75664K, committed 75800K, reserved 1114112K
  class space    used 9559K, capacity 10198K, committed 10288K, reserved 1048576K
}
Event: 21.919 GC heap before
{Heap before GC invocations=15 (full 3):
 PSYoungGen      total 448000K, used 447988K [0x00000000d5580000, 0x00000000f9f80000, 0x0000000100000000)
  eden space 418816K, 100% used [0x00000000d5580000,0x00000000eee80000,0x00000000eee80000)
  from space 29184K, 99% used [0x00000000eee80000,0x00000000f0afd3e0,0x00000000f0b00000)
  to   space 56320K, 0% used [0x00000000f6880000,0x00000000f6880000,0x00000000f9f80000)
 ParOldGen       total 139264K, used 101155K [0x0000000080000000, 0x0000000088800000, 0x00000000d5580000)
  object space 139264K, 72% used [0x0000000080000000,0x00000000862c8d48,0x0000000088800000)
 Metaspace       used 72564K, capacity 75782K, committed 76056K, reserved 1116160K
  class space    used 9564K, capacity 10207K, committed 10288K, reserved 1048576K
Event: 22.574 GC heap after
Heap after GC invocations=15 (full 3):
 PSYoungGen      total 475136K, used 38790K [0x00000000d5580000, 0x00000000f9f80000, 0x0000000100000000)
  eden space 418816K, 0% used [0x00000000d5580000,0x00000000d5580000,0x00000000eee80000)
  from space 56320K, 68% used [0x00000000f6880000,0x00000000f8e61bb0,0x00000000f9f80000)
  to   space 29184K, 0% used [0x00000000eee80000,0x00000000eee80000,0x00000000f0b00000)
 ParOldGen       total 517120K, used 512362K [0x0000000080000000, 0x000000009f900000, 0x00000000d5580000)
  object space 517120K, 99% used [0x0000000080000000,0x000000009f45aa40,0x000000009f900000)
 Metaspace       used 72564K, capacity 75782K, committed 76056K, reserved 1116160K
  class space    used 9564K, capacity 10207K, committed 10288K, reserved 1048576K
}
Event: 22.580 GC heap before
{Heap before GC invocations=16 (full 4):
 PSYoungGen      total 475136K, used 38790K [0x00000000d5580000, 0x00000000f9f80000, 0x0000000100000000)
  eden space 418816K, 0% used [0x00000000d5580000,0x00000000d5580000,0x00000000eee80000)
  from space 56320K, 68% used [0x00000000f6880000,0x00000000f8e61bb0,0x00000000f9f80000)
  to   space 29184K, 0% used [0x00000000eee80000,0x00000000eee80000,0x00000000f0b00000)
 ParOldGen       total 517120K, used 512362K [0x0000000080000000, 0x000000009f900000, 0x00000000d5580000)
  object space 517120K, 99% used [0x0000000080000000,0x000000009f45aa40,0x000000009f900000)
 Metaspace       used 72564K, capacity 75782K, committed 76056K, reserved 1116160K
  class space    used 9564K, capacity 10207K, committed 10288K, reserved 1048576K
Event: 23.510 GC heap after
Heap after GC invocations=16 (full 4):
 PSYoungGen      total 475136K, used 0K [0x00000000d5580000, 0x00000000f9f80000, 0x0000000100000000)
  eden space 418816K, 0% used [0x00000000d5580000,0x00000000d5580000,0x00000000eee80000)
  from space 56320K, 0% used [0x00000000f6880000,0x00000000f6880000,0x00000000f9f80000)
  to   space 29184K, 0% used [0x00000000eee80000,0x00000000eee80000,0x00000000f0b00000)
 ParOldGen       total 521216K, used 233136K [0x0000000080000000, 0x000000009fd00000, 0x00000000d5580000)
  object space 521216K, 44% used [0x0000000080000000,0x000000008e3ac128,0x000000009fd00000)
 Metaspace       used 72521K, capacity 75660K, committed 76056K, reserved 1116160K
  class space    used 9551K, capacity 10184K, committed 10288K, reserved 1048576K
}
Event: 25.377 GC heap before
{Heap before GC invocations=17 (full 4):
 PSYoungGen      total 475136K, used 418816K [0x00000000d5580000, 0x00000000f9f80000, 0x0000000100000000)
  eden space 418816K, 100% used [0x00000000d5580000,0x00000000eee80000,0x00000000eee80000)
  from space 56320K, 0% used [0x00000000f6880000,0x00000000f6880000,0x00000000f9f80000)
  to   space 29184K, 0% used [0x00000000eee80000,0x00000000eee80000,0x00000000f0b00000)
 ParOldGen       total 521216K, used 233311K [0x0000000080000000, 0x000000009fd00000, 0x00000000d5580000)
  object space 521216K, 44% used [0x0000000080000000,0x000000008e3d7cd0,0x000000009fd00000)
 Metaspace       used 72565K, capacity 75668K, committed 76056K, reserved 1116160K
  class space    used 9554K, capacity 10186K, committed 10288K, reserved 1048576K
Event: 25.421 GC heap after
Heap after GC invocations=17 (full 4):
 PSYoungGen      total 448000K, used 2556K [0x00000000d5580000, 0x00000000ff680000, 0x0000000100000000)
  eden space 418816K, 0% used [0x00000000d5580000,0x00000000d5580000,0x00000000eee80000)
  from space 29184K, 8% used [0x00000000eee80000,0x00000000ef0ff1d0,0x00000000f0b00000)
  to   space 59392K, 0% used [0x00000000fbc80000,0x00000000fbc80000,0x00000000ff680000)
 ParOldGen       total 521216K, used 445624K [0x0000000080000000, 0x000000009fd00000, 0x00000000d5580000)
  object space 521216K, 85% used [0x0000000080000000,0x000000009b32e0d8,0x000000009fd00000)
 Metaspace       used 72565K, capacity 75668K, committed 76056K, reserved 1116160K
  class space    used 9554K, capacity 10186K, committed 10288K, reserved 1048576K
}
Event: 25.421 GC heap before
{Heap before GC invocations=18 (full 5):
 PSYoungGen      total 448000K, used 2556K [0x00000000d5580000, 0x00000000ff680000, 0x0000000100000000)
  eden space 418816K, 0% used [0x00000000d5580000,0x00000000d5580000,0x00000000eee80000)
  from space 29184K, 8% used [0x00000000eee80000,0x00000000ef0ff1d0,0x00000000f0b00000)
  to   space 59392K, 0% used [0x00000000fbc80000,0x00000000fbc80000,0x00000000ff680000)
 ParOldGen       total 521216K, used 445624K [0x0000000080000000, 0x000000009fd00000, 0x00000000d5580000)
  object space 521216K, 85% used [0x0000000080000000,0x000000009b32e0d8,0x000000009fd00000)
 Metaspace       used 72565K, capacity 75668K, committed 76056K, reserved 1116160K
  class space    used 9554K, capacity 10186K, committed 10288K, reserved 1048576K
Event: 25.566 GC heap after
Heap after GC invocations=18 (full 5):
 PSYoungGen      total 448000K, used 0K [0x00000000d5580000, 0x00000000ff680000, 0x0000000100000000)
  eden space 418816K, 0% used [0x00000000d5580000,0x00000000d5580000,0x00000000eee80000)
  from space 29184K, 0% used [0x00000000eee80000,0x00000000eee80000,0x00000000f0b00000)
  to   space 59392K, 0% used [0x00000000fbc80000,0x00000000fbc80000,0x00000000ff680000)
 ParOldGen       total 521216K, used 280061K [0x0000000080000000, 0x000000009fd00000, 0x00000000d5580000)
  object space 521216K, 53% used [0x0000000080000000,0x000000009117f538,0x000000009fd00000)
 Metaspace       used 72565K, capacity 75668K, committed 76056K, reserved 1116160K
  class space    used 9554K, capacity 10186K, committed 10288K, reserved 1048576K
}

